mode: set
alte/e-commerce/controllers/product/product.go:14.53,16.44 2 1
alte/e-commerce/controllers/product/product.go:19.2,19.136 1 1
alte/e-commerce/controllers/product/product.go:22.2,31.16 4 1
alte/e-commerce/controllers/product/product.go:35.2,38.4 1 1
alte/e-commerce/controllers/product/product.go:16.44,18.3 1 1
alte/e-commerce/controllers/product/product.go:19.136,21.3 1 1
alte/e-commerce/controllers/product/product.go:31.16,33.3 1 1
alte/e-commerce/controllers/product/product.go:42.53,44.16 2 1
alte/e-commerce/controllers/product/product.go:47.2,48.37 2 1
alte/e-commerce/controllers/product/product.go:57.2,61.4 1 1
alte/e-commerce/controllers/product/product.go:44.16,46.3 1 1
alte/e-commerce/controllers/product/product.go:48.37,56.3 7 1
alte/e-commerce/controllers/product/product.go:65.51,68.16 3 1
alte/e-commerce/controllers/product/product.go:71.2,72.37 2 1
alte/e-commerce/controllers/product/product.go:81.2,85.4 1 1
alte/e-commerce/controllers/product/product.go:68.16,70.3 1 1
alte/e-commerce/controllers/product/product.go:72.37,80.3 7 1
alte/e-commerce/controllers/product/product.go:88.49,90.26 2 1
alte/e-commerce/controllers/product/product.go:93.2,94.16 2 1
alte/e-commerce/controllers/product/product.go:98.2,98.20 1 1
alte/e-commerce/controllers/product/product.go:101.2,114.4 2 1
alte/e-commerce/controllers/product/product.go:90.26,92.3 1 1
alte/e-commerce/controllers/product/product.go:94.16,97.3 1 1
alte/e-commerce/controllers/product/product.go:98.20,100.3 1 1
alte/e-commerce/controllers/product/product.go:117.52,119.26 2 1
alte/e-commerce/controllers/product/product.go:122.2,123.48 2 1
alte/e-commerce/controllers/product/product.go:126.2,126.121 1 1
alte/e-commerce/controllers/product/product.go:129.2,138.16 4 1
alte/e-commerce/controllers/product/product.go:141.2,141.19 1 1
alte/e-commerce/controllers/product/product.go:144.2,147.4 1 1
alte/e-commerce/controllers/product/product.go:119.26,121.3 1 1
alte/e-commerce/controllers/product/product.go:123.48,125.3 1 1
alte/e-commerce/controllers/product/product.go:126.121,128.3 1 1
alte/e-commerce/controllers/product/product.go:138.16,140.3 1 1
alte/e-commerce/controllers/product/product.go:141.19,143.3 1 1
alte/e-commerce/controllers/product/product.go:150.52,152.27 2 1
alte/e-commerce/controllers/product/product.go:155.2,157.16 3 1
alte/e-commerce/controllers/product/product.go:160.2,160.19 1 1
alte/e-commerce/controllers/product/product.go:163.2,165.4 1 1
alte/e-commerce/controllers/product/product.go:152.27,154.3 1 1
alte/e-commerce/controllers/product/product.go:157.16,159.3 1 1
alte/e-commerce/controllers/product/product.go:160.19,162.3 1 1
alte/e-commerce/controllers/product/product.go:169.55,171.2 1 1
alte/e-commerce/controllers/product/product.go:174.56,176.2 1 1
alte/e-commerce/controllers/product/product.go:179.56,181.2 1 1
alte/e-commerce/controllers/product/product.go:184.57,186.2 1 1
